# JRE version: OpenJDK Runtime Environment OpenLogic-OpenJDK (17.0.12+7) (build 17.0.12+7-adhoc..jdk17u)
# Java VM: OpenJDK 64-Bit Server VM OpenLogic-OpenJDK (17.0.12+7-adhoc..jdk17u, mixed mode, sharing, tiered, compressed oops, compressed class ptrs, g1 gc, windows-amd64)
GC Precious Log:
 CPUs: 8 total, 8 available
 Memory: 6082M
 Large Page Support: Disabled
 NUMA Support: Disabled
 Compressed Oops: Enabled (32-bit)
 Heap Region Size: 1M
 Heap Min Capacity: 8M
 Heap Initial Capacity: 96M
 Heap Max Capacity: 1522M
 Pre-touch: Disabled
 Parallel Workers: 8
 Concurrent Workers: 2
 Concurrent Refinement Workers: 8
 Periodic GC: Disabled
Heap:
 garbage-first heap   total 49152K, used 17781K [0x00000000a0e00000, 0x0000000100000000)
  region size 1024K, 8 young (8192K), 4 survivors (4096K)
 Metaspace       used 29781K, committed 30272K, reserved 1114112K
  class space    used 3809K, committed 4032K, reserved 1048576K
GC Heap History (18 events):
Event: 0.469 GC heap before
{Heap before GC invocations=0 (full 0):
 garbage-first heap   total 98304K, used 23552K [0x00000000a0e00000, 0x0000000100000000)
  region size 1024K, 23 young (23552K), 0 survivors (0K)
 Metaspace       used 2022K, committed 2240K, reserved 1114112K
  class space    used 207K, committed 320K, reserved 1048576K
}
Event: 0.474 GC heap after
{Heap after GC invocations=1 (full 0):
 garbage-first heap   total 98304K, used 2432K [0x00000000a0e00000, 0x0000000100000000)
  region size 1024K, 3 young (3072K), 3 survivors (3072K)
 Metaspace       used 2022K, committed 2240K, reserved 1114112K
  class space    used 207K, committed 320K, reserved 1048576K
}
Event: 1.323 GC heap before
{Heap before GC invocations=1 (full 0):
 garbage-first heap   total 98304K, used 36224K [0x00000000a0e00000, 0x0000000100000000)
  region size 1024K, 36 young (36864K), 3 survivors (3072K)
 Metaspace       used 7508K, committed 7872K, reserved 1114112K
  class space    used 930K, committed 1088K, reserved 1048576K
}
Event: 1.332 GC heap after
{Heap after GC invocations=2 (full 0):
 garbage-first heap   total 98304K, used 4500K [0x00000000a0e00000, 0x0000000100000000)
  region size 1024K, 5 young (5120K), 5 survivors (5120K)
 Metaspace       used 7508K, committed 7872K, reserved 1114112K
  class space    used 930K, committed 1088K, reserved 1048576K
}
Event: 2.031 GC heap before
{Heap before GC invocations=2 (full 0):
 garbage-first heap   total 98304K, used 57748K [0x00000000a0e00000, 0x0000000100000000)
  region size 1024K, 57 young (58368K), 5 survivors (5120K)
 Metaspace       used 15998K, committed 16320K, reserved 1114112K
  class space    used 2030K, committed 2176K, reserved 1048576K
}
Event: 2.042 GC heap after
{Heap after GC invocations=3 (full 0):
 garbage-first heap   total 98304K, used 6837K [0x00000000a0e00000, 0x0000000100000000)
  region size 1024K, 5 young (5120K), 5 survivors (5120K)
 Metaspace       used 15998K, committed 16320K, reserved 1114112K
  class space    used 2030K, committed 2176K, reserved 1048576K
}
Event: 3.273 GC heap before
{Heap before GC invocations=3 (full 0):
 garbage-first heap   total 98304K, used 60085K [0x00000000a0e00000, 0x0000000100000000)
  region size 1024K, 57 young (58368K), 5 survivors (5120K)
 Metaspace       used 20691K, committed 20992K, reserved 1114112K
  class space    used 2584K, committed 2688K, reserved 1048576K
}
Event: 3.285 GC heap after
{Heap after GC invocations=4 (full 0):
 garbage-first heap   total 98304K, used 10107K [0x00000000a0e00000, 0x0000000100000000)
  region size 1024K, 6 young (6144K), 6 survivors (6144K)
 Metaspace       used 20691K, committed 20992K, reserved 1114112K
  class space    used 2584K, committed 2688K, reserved 1048576K
}
Event: 3.418 GC heap before
{Heap before GC invocations=4 (full 0):
 garbage-first heap   total 98304K, used 15227K [0x00000000a0e00000, 0x0000000100000000)
  region size 1024K, 12 young (12288K), 6 survivors (6144K)
 Metaspace       used 21197K, committed 21504K, reserved 1114112K
  class space    used 2649K, committed 2752K, reserved 1048576K
}
Event: 3.430 GC heap after
{Heap after GC invocations=5 (full 0):
 garbage-first heap   total 98304K, used 10733K [0x00000000a0e00000, 0x0000000100000000)
  region size 1024K, 4 young (4096K), 4 survivors (4096K)
 Metaspace       used 21197K, committed 21504K, reserved 1114112K
  class space    used 2649K, committed 2752K, reserved 1048576K
}
Event: 3.952 GC heap before
{Heap before GC invocations=6 (full 0):
 garbage-first heap   total 40960K, used 31213K [0x00000000a0e00000, 0x0000000100000000)
  region size 1024K, 24 young (24576K), 4 survivors (4096K)
 Metaspace       used 23259K, committed 23680K, reserved 1114112K
  class space    used 2948K, committed 3136K, reserved 1048576K
}
Event: 3.964 GC heap after
{Heap after GC invocations=7 (full 0):
 garbage-first heap   total 40960K, used 11945K [0x00000000a0e00000, 0x0000000100000000)
  region size 1024K, 2 young (2048K), 2 survivors (2048K)
 Metaspace       used 23259K, committed 23680K, reserved 1114112K
  class space    used 2948K, committed 3136K, reserved 1048576K
}
Event: 3.986 GC heap before
{Heap before GC invocations=7 (full 0):
 garbage-first heap   total 40960K, used 12969K [0x00000000a0e00000, 0x0000000100000000)
  region size 1024K, 3 young (3072K), 2 survivors (2048K)
 Metaspace       used 23345K, committed 23744K, reserved 1114112K
  class space    used 2960K, committed 3136K, reserved 1048576K
}
Event: 3.994 GC heap after
{Heap after GC invocations=8 (full 0):
 garbage-first heap   total 49152K, used 11959K [0x00000000a0e00000, 0x0000000100000000)
  region size 1024K, 1 young (1024K), 1 survivors (1024K)
 Metaspace       used 23345K, committed 23744K, reserved 1114112K
  class space    used 2960K, committed 3136K, reserved 1048576K
}
Event: 4.901 GC heap before
{Heap before GC invocations=8 (full 0):
 garbage-first heap   total 49152K, used 36535K [0x00000000a0e00000, 0x0000000100000000)
  region size 1024K, 26 young (26624K), 1 survivors (1024K)
 Metaspace       used 26555K, committed 27008K, reserved 1114112K
  class space    used 3441K, committed 3648K, reserved 1048576K
}
Event: 4.908 GC heap after
{Heap after GC invocations=9 (full 0):
 garbage-first heap   total 49152K, used 13654K [0x00000000a0e00000, 0x0000000100000000)
  region size 1024K, 3 young (3072K), 3 survivors (3072K)
 Metaspace       used 26555K, committed 27008K, reserved 1114112K
  class space    used 3441K, committed 3648K, reserved 1048576K
}
Event: 5.403 GC heap before
{Heap before GC invocations=9 (full 0):
 garbage-first heap   total 49152K, used 37206K [0x00000000a0e00000, 0x0000000100000000)
  region size 1024K, 26 young (26624K), 3 survivors (3072K)
 Metaspace       used 29062K, committed 29568K, reserved 1114112K
  class space    used 3731K, committed 3968K, reserved 1048576K
}
Event: 5.409 GC heap after
{Heap after GC invocations=10 (full 0):
 garbage-first heap   total 49152K, used 14709K [0x00000000a0e00000, 0x0000000100000000)
  region size 1024K, 4 young (4096K), 4 survivors (4096K)
 Metaspace       used 29062K, committed 29568K, reserved 1114112K
  class space    used 3731K, committed 3968K, reserved 1048576K
}

