# JRE version: OpenJDK Runtime Environment OpenLogic-OpenJDK (17.0.12+7) (build 17.0.12+7-adhoc..jdk17u)
# Java VM: OpenJDK 64-Bit Server VM OpenLogic-OpenJDK (17.0.12+7-adhoc..jdk17u, mixed mode, sharing, tiered, compressed oops, compressed class ptrs, g1 gc, windows-amd64)
GC Precious Log:
 CPUs: 8 total, 8 available
 Memory: 6082M
 Large Page Support: Disabled
 NUMA Support: Disabled
 Compressed Oops: Enabled (32-bit)
 Heap Region Size: 1M
 Heap Min Capacity: 8M
 Heap Initial Capacity: 96M
 Heap Max Capacity: 1522M
 Pre-touch: Disabled
 Parallel Workers: 8
 Concurrent Workers: 2
 Concurrent Refinement Workers: 8
 Periodic GC: Disabled
Heap:
 garbage-first heap   total 74752K, used 43696K [0x00000000a0e00000, 0x0000000100000000)
  region size 1024K, 33 young (33792K), 2 survivors (2048K)
 Metaspace       used 29260K, committed 29696K, reserved 1114112K
  class space    used 3758K, committed 3968K, reserved 1048576K
GC Heap History (16 events):
Event: 0.553 GC heap before
{Heap before GC invocations=0 (full 0):
 garbage-first heap   total 98304K, used 23552K [0x00000000a0e00000, 0x0000000100000000)
  region size 1024K, 23 young (23552K), 0 survivors (0K)
 Metaspace       used 2186K, committed 2368K, reserved 1114112K
  class space    used 209K, committed 320K, reserved 1048576K
}
Event: 0.559 GC heap after
{Heap after GC invocations=1 (full 0):
 garbage-first heap   total 98304K, used 2432K [0x00000000a0e00000, 0x0000000100000000)
  region size 1024K, 3 young (3072K), 3 survivors (3072K)
 Metaspace       used 2186K, committed 2368K, reserved 1114112K
  class space    used 209K, committed 320K, reserved 1048576K
}
Event: 1.544 GC heap before
{Heap before GC invocations=1 (full 0):
 garbage-first heap   total 98304K, used 36224K [0x00000000a0e00000, 0x0000000100000000)
  region size 1024K, 36 young (36864K), 3 survivors (3072K)
 Metaspace       used 7622K, committed 7936K, reserved 1114112K
  class space    used 941K, committed 1088K, reserved 1048576K
}
Event: 1.554 GC heap after
{Heap after GC invocations=2 (full 0):
 garbage-first heap   total 98304K, used 4306K [0x00000000a0e00000, 0x0000000100000000)
  region size 1024K, 5 young (5120K), 5 survivors (5120K)
 Metaspace       used 7622K, committed 7936K, reserved 1114112K
  class space    used 941K, committed 1088K, reserved 1048576K
}
Event: 2.456 GC heap before
{Heap before GC invocations=2 (full 0):
 garbage-first heap   total 98304K, used 57554K [0x00000000a0e00000, 0x0000000100000000)
  region size 1024K, 57 young (58368K), 5 survivors (5120K)
 Metaspace       used 15976K, committed 16320K, reserved 1114112K
  class space    used 2026K, committed 2176K, reserved 1048576K
}
Event: 2.466 GC heap after
{Heap after GC invocations=3 (full 0):
 garbage-first heap   total 98304K, used 6919K [0x00000000a0e00000, 0x0000000100000000)
  region size 1024K, 5 young (5120K), 5 survivors (5120K)
 Metaspace       used 15976K, committed 16320K, reserved 1114112K
  class space    used 2026K, committed 2176K, reserved 1048576K
}
Event: 3.572 GC heap before
{Heap before GC invocations=3 (full 0):
 garbage-first heap   total 98304K, used 60167K [0x00000000a0e00000, 0x0000000100000000)
  region size 1024K, 57 young (58368K), 5 survivors (5120K)
 Metaspace       used 20700K, committed 21056K, reserved 1114112K
  class space    used 2579K, committed 2688K, reserved 1048576K
}
Event: 3.582 GC heap after
{Heap after GC invocations=4 (full 0):
 garbage-first heap   total 98304K, used 10109K [0x00000000a0e00000, 0x0000000100000000)
  region size 1024K, 6 young (6144K), 6 survivors (6144K)
 Metaspace       used 20700K, committed 21056K, reserved 1114112K
  class space    used 2579K, committed 2688K, reserved 1048576K
}
Event: 3.725 GC heap before
{Heap before GC invocations=4 (full 0):
 garbage-first heap   total 98304K, used 15229K [0x00000000a0e00000, 0x0000000100000000)
  region size 1024K, 12 young (12288K), 6 survivors (6144K)
 Metaspace       used 21219K, committed 21504K, reserved 1114112K
  class space    used 2649K, committed 2752K, reserved 1048576K
}
Event: 3.736 GC heap after
{Heap after GC invocations=5 (full 0):
 garbage-first heap   total 98304K, used 10727K [0x00000000a0e00000, 0x0000000100000000)
  region size 1024K, 4 young (4096K), 4 survivors (4096K)
 Metaspace       used 21219K, committed 21504K, reserved 1114112K
  class space    used 2649K, committed 2752K, reserved 1048576K
}
Event: 4.301 GC heap before
{Heap before GC invocations=6 (full 0):
 garbage-first heap   total 40960K, used 31207K [0x00000000a0e00000, 0x0000000100000000)
  region size 1024K, 24 young (24576K), 4 survivors (4096K)
 Metaspace       used 23274K, committed 23616K, reserved 1114112K
  class space    used 2948K, committed 3136K, reserved 1048576K
}
Event: 4.312 GC heap after
{Heap after GC invocations=7 (full 0):
 garbage-first heap   total 40960K, used 11724K [0x00000000a0e00000, 0x0000000100000000)
  region size 1024K, 2 young (2048K), 2 survivors (2048K)
 Metaspace       used 23274K, committed 23616K, reserved 1114112K
  class space    used 2948K, committed 3136K, reserved 1048576K
}
Event: 4.336 GC heap before
{Heap before GC invocations=7 (full 0):
 garbage-first heap   total 40960K, used 12748K [0x00000000a0e00000, 0x0000000100000000)
  region size 1024K, 3 young (3072K), 2 survivors (2048K)
 Metaspace       used 23367K, committed 23808K, reserved 1114112K
  class space    used 2960K, committed 3136K, reserved 1048576K
}
Event: 4.345 GC heap after
{Heap after GC invocations=8 (full 0):
 garbage-first heap   total 40960K, used 11672K [0x00000000a0e00000, 0x0000000100000000)
  region size 1024K, 1 young (1024K), 1 survivors (1024K)
 Metaspace       used 23367K, committed 23808K, reserved 1114112K
  class space    used 2960K, committed 3136K, reserved 1048576K
}
Event: 4.855 GC heap before
{Heap before GC invocations=8 (full 0):
 garbage-first heap   total 40960K, used 32152K [0x00000000a0e00000, 0x0000000100000000)
  region size 1024K, 21 young (21504K), 1 survivors (1024K)
 Metaspace       used 25658K, committed 26048K, reserved 1114112K
  class space    used 3324K, committed 3520K, reserved 1048576K
}
Event: 4.867 GC heap after
{Heap after GC invocations=9 (full 0):
 garbage-first heap   total 74752K, used 12976K [0x00000000a0e00000, 0x0000000100000000)
  region size 1024K, 2 young (2048K), 2 survivors (2048K)
 Metaspace       used 25658K, committed 26048K, reserved 1114112K
  class space    used 3324K, committed 3520K, reserved 1048576K
}

