# JRE version: OpenJDK Runtime Environment Corretto-17.0.13.11.1 (17.0.13+11) (build 17.0.13+11-LTS)
# Java VM: OpenJDK 64-Bit Server VM Corretto-17.0.13.11.1 (17.0.13+11-LTS, mixed mode, sharing, tiered, compressed oops, compressed class ptrs, g1 gc, windows-amd64)
GC Precious Log:
 CPUs: 8 total, 8 available
 Memory: 6082M
 Large Page Support: Disabled
 NUMA Support: Disabled
 Compressed Oops: Enabled (32-bit)
 Heap Region Size: 1M
 Heap Min Capacity: 256M
 Heap Initial Capacity: 256M
 Heap Max Capacity: 512M
 Pre-touch: Disabled
 Parallel Workers: 8
 Concurrent Workers: 2
 Concurrent Refinement Workers: 8
 Periodic GC: Disabled
Heap:
 garbage-first heap   total 262144K, used 130388K [0x00000000e0000000, 0x0000000100000000)
  region size 1024K, 82 young (83968K), 15 survivors (15360K)
 Metaspace       used 72699K, committed 73344K, reserved 393216K
  class space    used 9930K, committed 10240K, reserved 327680K
GC Heap History (18 events):
Event: 14.668 GC heap before
{Heap before GC invocations=0 (full 0):
 garbage-first heap   total 262144K, used 22528K [0x00000000e0000000, 0x0000000100000000)
  region size 1024K, 23 young (23552K), 0 survivors (0K)
 Metaspace       used 1074K, committed 1216K, reserved 393216K
  class space    used 73K, committed 128K, reserved 327680K
}
Event: 14.673 GC heap after
{Heap after GC invocations=1 (full 0):
 garbage-first heap   total 262144K, used 2687K [0x00000000e0000000, 0x0000000100000000)
  region size 1024K, 3 young (3072K), 3 survivors (3072K)
 Metaspace       used 1074K, committed 1216K, reserved 393216K
  class space    used 73K, committed 128K, reserved 327680K
}
Event: 22.023 GC heap before
{Heap before GC invocations=1 (full 0):
 garbage-first heap   total 262144K, used 40575K [0x00000000e0000000, 0x0000000100000000)
  region size 1024K, 38 young (38912K), 3 survivors (3072K)
 Metaspace       used 4393K, committed 4544K, reserved 393216K
  class space    used 548K, committed 640K, reserved 327680K
}
Event: 22.028 GC heap after
{Heap after GC invocations=2 (full 0):
 garbage-first heap   total 262144K, used 10978K [0x00000000e0000000, 0x0000000100000000)
  region size 1024K, 5 young (5120K), 5 survivors (5120K)
 Metaspace       used 4393K, committed 4544K, reserved 393216K
  class space    used 548K, committed 640K, reserved 327680K
}
Event: 34.185 GC heap before
{Heap before GC invocations=2 (full 0):
 garbage-first heap   total 262144K, used 57058K [0x00000000e0000000, 0x0000000100000000)
  region size 1024K, 48 young (49152K), 5 survivors (5120K)
 Metaspace       used 4684K, committed 4928K, reserved 393216K
  class space    used 593K, committed 704K, reserved 327680K
}
Event: 34.191 GC heap after
{Heap after GC invocations=3 (full 0):
 garbage-first heap   total 262144K, used 15850K [0x00000000e0000000, 0x0000000100000000)
  region size 1024K, 5 young (5120K), 5 survivors (5120K)
 Metaspace       used 4684K, committed 4928K, reserved 393216K
  class space    used 593K, committed 704K, reserved 327680K
}
Event: 37.877 GC heap before
{Heap before GC invocations=3 (full 0):
 garbage-first heap   total 262144K, used 125418K [0x00000000e0000000, 0x0000000100000000)
  region size 1024K, 113 young (115712K), 5 survivors (5120K)
 Metaspace       used 21174K, committed 21504K, reserved 393216K
  class space    used 3107K, committed 3264K, reserved 327680K
}
Event: 37.888 GC heap after
{Heap after GC invocations=4 (full 0):
 garbage-first heap   total 262144K, used 23459K [0x00000000e0000000, 0x0000000100000000)
  region size 1024K, 12 young (12288K), 12 survivors (12288K)
 Metaspace       used 21174K, committed 21504K, reserved 393216K
  class space    used 3107K, committed 3264K, reserved 327680K
}
Event: 40.951 GC heap before
{Heap before GC invocations=5 (full 0):
 garbage-first heap   total 262144K, used 147363K [0x00000000e0000000, 0x0000000100000000)
  region size 1024K, 130 young (133120K), 12 survivors (12288K)
 Metaspace       used 35558K, committed 35968K, reserved 393216K
  class space    used 4938K, committed 5120K, reserved 327680K
}
Event: 40.967 GC heap after
{Heap after GC invocations=6 (full 0):
 garbage-first heap   total 262144K, used 32588K [0x00000000e0000000, 0x0000000100000000)
  region size 1024K, 17 young (17408K), 17 survivors (17408K)
 Metaspace       used 35558K, committed 35968K, reserved 393216K
  class space    used 4938K, committed 5120K, reserved 327680K
}
Event: 45.890 GC heap before
{Heap before GC invocations=7 (full 0):
 garbage-first heap   total 262144K, used 172876K [0x00000000e0000000, 0x0000000100000000)
  region size 1024K, 153 young (156672K), 17 survivors (17408K)
 Metaspace       used 53361K, committed 53888K, reserved 393216K
  class space    used 7395K, committed 7616K, reserved 327680K
}
Event: 45.910 GC heap after
{Heap after GC invocations=8 (full 0):
 garbage-first heap   total 262144K, used 39781K [0x00000000e0000000, 0x0000000100000000)
  region size 1024K, 17 young (17408K), 17 survivors (17408K)
 Metaspace       used 53361K, committed 53888K, reserved 393216K
  class space    used 7395K, committed 7616K, reserved 327680K
}
Event: 50.012 GC heap before
{Heap before GC invocations=8 (full 0):
 garbage-first heap   total 262144K, used 130917K [0x00000000e0000000, 0x0000000100000000)
  region size 1024K, 107 young (109568K), 17 survivors (17408K)
 Metaspace       used 59540K, committed 60096K, reserved 393216K
  class space    used 8368K, committed 8640K, reserved 327680K
}
Event: 50.030 GC heap after
{Heap after GC invocations=9 (full 0):
 garbage-first heap   total 262144K, used 47957K [0x00000000e0000000, 0x0000000100000000)
  region size 1024K, 16 young (16384K), 16 survivors (16384K)
 Metaspace       used 59540K, committed 60096K, reserved 393216K
  class space    used 8368K, committed 8640K, reserved 327680K
}
Event: 62.937 GC heap before
{Heap before GC invocations=10 (full 0):
 garbage-first heap   total 262144K, used 188245K [0x00000000e0000000, 0x0000000100000000)
  region size 1024K, 153 young (156672K), 16 survivors (16384K)
 Metaspace       used 63212K, committed 63808K, reserved 393216K
  class space    used 8750K, committed 9024K, reserved 327680K
}
Event: 62.958 GC heap after
{Heap after GC invocations=11 (full 0):
 garbage-first heap   total 262144K, used 54525K [0x00000000e0000000, 0x0000000100000000)
  region size 1024K, 15 young (15360K), 15 survivors (15360K)
 Metaspace       used 63212K, committed 63808K, reserved 393216K
  class space    used 8750K, committed 9024K, reserved 327680K
}
Event: 163.969 GC heap before
{Heap before GC invocations=11 (full 0):
 garbage-first heap   total 262144K, used 194813K [0x00000000e0000000, 0x0000000100000000)
  region size 1024K, 153 young (156672K), 15 survivors (15360K)
 Metaspace       used 65794K, committed 66432K, reserved 393216K
  class space    used 9061K, committed 9344K, reserved 327680K
}
Event: 164.035 GC heap after
{Heap after GC invocations=12 (full 0):
 garbage-first heap   total 262144K, used 62804K [0x00000000e0000000, 0x0000000100000000)
  region size 1024K, 15 young (15360K), 15 survivors (15360K)
 Metaspace       used 65794K, committed 66432K, reserved 393216K
  class space    used 9061K, committed 9344K, reserved 327680K
}

